This is pdfTeX, Version 3.14159265-2.6-1.40.21 (MiKTeX 2.9.7440 64-bit) (preloaded format=pdflatex 2020.6.25)  13 JUL 2020 16:18
entering extended mode
**C:/Users/rdebelak/AppData/Local/Temp/Rtmp0O5vv6/Rd2pdf3e7082d43e0/Rd2.tex
(C:/Users/rdebelak/AppData/Local/Temp/Rtmp0O5vv6/Rd2pdf3e7082d43e0/Rd2.tex
LaTeX2e <2020-02-02> patch level 5
L3 programming layer <2020-06-18>
("C:\Users\rdebelak\AppData\Local\Programs\MiKTeX 2.9\tex/latex/base\book.cls"
Document Class: book 2019/12/20 v1.4l Standard LaTeX document class
("C:\Users\rdebelak\AppData\Local\Programs\MiKTeX 2.9\tex/latex/base\bk10.clo"
File: bk10.clo 2019/12/20 v1.4l Standard LaTeX file (size option)
)
\c@part=\count167
\c@chapter=\count168
\c@section=\count169
\c@subsection=\count170
\c@subsubsection=\count171
\c@paragraph=\count172
\c@subparagraph=\count173
\c@figure=\count174
\c@table=\count175
\abovecaptionskip=\skip47
\belowcaptionskip=\skip48
\bibindent=\dimen134
) (C:/PROGRA~1/R/R-40~1.2/share/texmf/tex/latex\Rd.sty
Package: Rd 

("C:\Users\rdebelak\AppData\Local\Programs\MiKTeX 2.9\tex/latex/base\ifthen.sty
"
Package: ifthen 2014/09/29 v1.1c Standard LaTeX ifthen package (DPC)
)
("C:\Users\rdebelak\AppData\Local\Programs\MiKTeX 2.9\tex/latex/tools\longtable
.sty"
Package: longtable 2020/01/07 v4.13 Multi-page Table package (DPC)
\LTleft=\skip49
\LTright=\skip50
\LTpre=\skip51
\LTpost=\skip52
\LTchunksize=\count176
\LTcapwidth=\dimen135
\LT@head=\box45
\LT@firsthead=\box46
\LT@foot=\box47
\LT@lastfoot=\box48
\LT@cols=\count177
\LT@rows=\count178
\c@LT@tables=\count179
\c@LT@chunks=\count180
\LT@p@ftn=\toks15
)
("C:\Users\rdebelak\AppData\Local\Programs\MiKTeX 2.9\tex/latex/tools\bm.sty"
Package: bm 2019/07/24 v1.2d Bold Symbol Support (DPC/FMi)
\symboldoperators=\mathgroup4
\symboldletters=\mathgroup5
\symboldsymbols=\mathgroup6
LaTeX Font Info:    Redeclaring math alphabet \mathbf on input line 141.
LaTeX Info: Redefining \bm on input line 209.
)
("C:\Users\rdebelak\AppData\Local\Programs\MiKTeX 2.9\tex/latex/base\alltt.sty"
Package: alltt 1997/06/16 v2.0g defines alltt environment
)
("C:\Users\rdebelak\AppData\Local\Programs\MiKTeX 2.9\tex/latex/tools\verbatim.
sty"
Package: verbatim 2019/11/10 v1.5r LaTeX2e package for verbatim enhancements
\every@verbatim=\toks16
\verbatim@line=\toks17
\verbatim@in@stream=\read2
)
("C:\Users\rdebelak\AppData\Local\Programs\MiKTeX 2.9\tex/latex/url\url.sty"
\Urlmuskip=\muskip16
Package: url 2013/09/16  ver 3.4  Verb mode for urls, etc.
)
("C:\Users\rdebelak\AppData\Local\Programs\MiKTeX 2.9\tex/latex/base\textcomp.s
ty"
Package: textcomp 2020/02/02 v2.0n Standard LaTeX package
)
\ldescriptionwidth=\skip53

("C:\Users\rdebelak\AppData\Local\Programs\MiKTeX 2.9\tex/latex/base\fontenc.st
y"
Package: fontenc 2020/02/11 v2.0o Standard LaTeX package
)
("C:\Users\rdebelak\AppData\Local\Programs\MiKTeX 2.9\tex/latex/psnfss\times.st
y"
Package: times 2020/03/25 PSNFSS-v9.3 (SPQR) 
)
("C:\Users\rdebelak\AppData\Local\Programs\MiKTeX 2.9\tex/latex/inconsolata\zi4
.sty"
Package: zi4 2019/05/17 v1.12

`inconsolata-zi4' v1.12, 2019/05/17 Text macros for Inconsolata (msharpe)
("C:\Users\rdebelak\AppData\Local\Programs\MiKTeX 2.9\tex/latex/xkeyval\xkeyval
.sty"
Package: xkeyval 2014/12/03 v2.7a package option processing (HA)

("C:\Users\rdebelak\AppData\Local\Programs\MiKTeX 2.9\tex/generic/xkeyval\xkeyv
al.tex"
("C:\Users\rdebelak\AppData\Local\Programs\MiKTeX 2.9\tex/generic/xkeyval\xkvut
ils.tex"
\XKV@toks=\toks18
\XKV@tempa@toks=\toks19

("C:\Users\rdebelak\AppData\Local\Programs\MiKTeX 2.9\tex/generic/xkeyval\keyva
l.tex"))
\XKV@depth=\count181
File: xkeyval.tex 2014/12/03 v2.7a key=value parser (HA)
))
\zifour@ocount=\count182
)
("C:\Users\rdebelak\AppData\Local\Programs\MiKTeX 2.9\tex/latex/graphics\color.
sty"
Package: color 2019/11/23 v1.2a Standard LaTeX Color (DPC)

("C:\Users\rdebelak\AppData\Local\Programs\MiKTeX 2.9\tex/latex/graphics-cfg\co
lor.cfg"
File: color.cfg 2016/01/02 v1.6 sample color configuration
)
Package color Info: Driver file: pdftex.def on input line 147.

("C:\Users\rdebelak\AppData\Local\Programs\MiKTeX 2.9\tex/latex/graphics-def\pd
ftex.def"
File: pdftex.def 2018/01/08 v1.0l Graphics/color driver for pdftex
))
("C:\Users\rdebelak\AppData\Local\Programs\MiKTeX 2.9\tex/latex/hyperref\hyperr
ef.sty"
Package: hyperref 2020-05-15 v7.00e Hypertext links for LaTeX

("C:\Users\rdebelak\AppData\Local\Programs\MiKTeX 2.9\tex/generic/ltxcmds\ltxcm
ds.sty"
Package: ltxcmds 2019/12/15 v1.24 LaTeX kernel commands for general use (HO)
)
("C:\Users\rdebelak\AppData\Local\Programs\MiKTeX 2.9\tex/generic/iftex\iftex.s
ty"
Package: iftex 2020/03/06 v1.0d TeX engine tests
)
("C:\Users\rdebelak\AppData\Local\Programs\MiKTeX 2.9\tex/latex/pdftexcmds\pdft
excmds.sty"
Package: pdftexcmds 2020-06-04 v0.32 Utility functions of pdfTeX for LuaTeX (HO
)

("C:\Users\rdebelak\AppData\Local\Programs\MiKTeX 2.9\tex/generic/infwarerr\inf
warerr.sty"
Package: infwarerr 2019/12/03 v1.5 Providing info/warning/error messages (HO)
)
Package pdftexcmds Info: \pdf@primitive is available.
Package pdftexcmds Info: \pdf@ifprimitive is available.
Package pdftexcmds Info: \pdfdraftmode found.
)
("C:\Users\rdebelak\AppData\Local\Programs\MiKTeX 2.9\tex/generic/kvsetkeys\kvs
etkeys.sty"
Package: kvsetkeys 2019/12/15 v1.18 Key value parser (HO)
)
("C:\Users\rdebelak\AppData\Local\Programs\MiKTeX 2.9\tex/generic/kvdefinekeys\
kvdefinekeys.sty"
Package: kvdefinekeys 2019-12-19 v1.6 Define keys (HO)
)
("C:\Users\rdebelak\AppData\Local\Programs\MiKTeX 2.9\tex/generic/pdfescape\pdf
escape.sty"
Package: pdfescape 2019/12/09 v1.15 Implements pdfTeX's escape features (HO)
)
("C:\Users\rdebelak\AppData\Local\Programs\MiKTeX 2.9\tex/latex/hycolor\hycolor
.sty"
Package: hycolor 2020-01-27 v1.10 Color options for hyperref/bookmark (HO)
)
("C:\Users\rdebelak\AppData\Local\Programs\MiKTeX 2.9\tex/latex/letltxmacro\let
ltxmacro.sty"
Package: letltxmacro 2019/12/03 v1.6 Let assignment for LaTeX macros (HO)
)
("C:\Users\rdebelak\AppData\Local\Programs\MiKTeX 2.9\tex/latex/auxhook\auxhook
.sty"
Package: auxhook 2019-12-17 v1.6 Hooks for auxiliary files (HO)
)
("C:\Users\rdebelak\AppData\Local\Programs\MiKTeX 2.9\tex/latex/kvoptions\kvopt
ions.sty"
Package: kvoptions 2019/11/29 v3.13 Key value format for package options (HO)
)
\@linkdim=\dimen136
\Hy@linkcounter=\count183
\Hy@pagecounter=\count184

("C:\Users\rdebelak\AppData\Local\Programs\MiKTeX 2.9\tex/latex/hyperref\pd1enc
.def"
File: pd1enc.def 2020-05-15 v7.00e Hyperref: PDFDocEncoding definition (HO)
Now handling font encoding PD1 ...
... no UTF-8 mapping file for font encoding PD1
)
("C:\Users\rdebelak\AppData\Local\Programs\MiKTeX 2.9\tex/generic/intcalc\intca
lc.sty"
Package: intcalc 2019/12/15 v1.3 Expandable calculations with integers (HO)
)
("C:\Users\rdebelak\AppData\Local\Programs\MiKTeX 2.9\tex/generic/etexcmds\etex
cmds.sty"
Package: etexcmds 2019/12/15 v1.7 Avoid name clashes with e-TeX commands (HO)
)
\Hy@SavedSpaceFactor=\count185
Package hyperref Info: Hyper figures OFF on input line 4464.
Package hyperref Info: Link nesting OFF on input line 4469.
Package hyperref Info: Hyper index ON on input line 4472.
Package hyperref Info: Plain pages OFF on input line 4479.
Package hyperref Info: Backreferencing OFF on input line 4484.
Package hyperref Info: Implicit mode ON; LaTeX internals redefined.
Package hyperref Info: Bookmarks ON on input line 4717.
\c@Hy@tempcnt=\count186
LaTeX Info: Redefining \url on input line 5076.
\XeTeXLinkMargin=\dimen137

("C:\Users\rdebelak\AppData\Local\Programs\MiKTeX 2.9\tex/generic/bitset\bitset
.sty"
Package: bitset 2019/12/09 v1.3 Handle bit-vector datatype (HO)

("C:\Users\rdebelak\AppData\Local\Programs\MiKTeX 2.9\tex/generic/bigintcalc\bi
gintcalc.sty"
Package: bigintcalc 2019/12/15 v1.5 Expandable calculations on big integers (HO
)
))
\Fld@menulength=\count187
\Field@Width=\dimen138
\Fld@charsize=\dimen139
Package hyperref Info: Hyper figures OFF on input line 6347.
Package hyperref Info: Link nesting OFF on input line 6352.
Package hyperref Info: Hyper index ON on input line 6355.
Package hyperref Info: backreferencing OFF on input line 6362.
Package hyperref Info: Link coloring OFF on input line 6367.
Package hyperref Info: Link coloring with OCG OFF on input line 6372.
Package hyperref Info: PDF/A mode OFF on input line 6377.
LaTeX Info: Redefining \ref on input line 6417.
LaTeX Info: Redefining \pageref on input line 6421.

("C:\Users\rdebelak\AppData\Local\Programs\MiKTeX 2.9\tex/generic/atbegshi\atbe
gshi.sty"
Package: atbegshi 2019/12/05 v1.19 At begin shipout hook (HO)
)
\Hy@abspage=\count188
\c@Item=\count189
\c@Hfootnote=\count190
)
Package hyperref Info: Driver (autodetected): hpdftex.

("C:\Users\rdebelak\AppData\Local\Programs\MiKTeX 2.9\tex/latex/hyperref\hpdfte
x.def"
File: hpdftex.def 2020-05-15 v7.00e Hyperref driver for pdfTeX

("C:\Users\rdebelak\AppData\Local\Programs\MiKTeX 2.9\tex/latex/atveryend\atver
yend.sty"
Package: atveryend 2019-12-11 v1.11 Hooks at the very end of document (HO)
Package atveryend Info: \enddocument detected (standard20110627).
)
\Fld@listcount=\count191
\c@bookmark@seq@number=\count192

("C:\Users\rdebelak\AppData\Local\Programs\MiKTeX 2.9\tex/latex/rerunfilecheck\
rerunfilecheck.sty"
Package: rerunfilecheck 2019/12/05 v1.9 Rerun checks for auxiliary files (HO)

("C:\Users\rdebelak\AppData\Local\Programs\MiKTeX 2.9\tex/generic/uniquecounter
\uniquecounter.sty"
Package: uniquecounter 2019/12/15 v1.4 Provide unlimited unique counter (HO)
)
Package uniquecounter Info: New unique counter `rerunfilecheck' on input line 2
86.
)
\Hy@SectionHShift=\skip54
)

Package hyperref Warning: Option `hyperindex' has already been used,
(hyperref)                setting the option has no effect on input line 377.

Package hyperref Info: Option `colorlinks' set `true' on input line 377.

Package hyperref Warning: Option `pagebackref' has already been used,
(hyperref)                setting the option has no effect on input line 377.

Package hyperref Info: Option `linktocpage' set `true' on input line 377.
Package hyperref Info: Option `plainpages' set `false' on input line 377.
)
("C:\Users\rdebelak\AppData\Local\Programs\MiKTeX 2.9\tex/latex/base\makeidx.st
y"
Package: makeidx 2014/09/29 v1.0m Standard LaTeX package
)
("C:\Users\rdebelak\AppData\Local\Programs\MiKTeX 2.9\tex/latex/base\inputenc.s
ty"
Package: inputenc 2018/08/11 v1.3c Input encoding file
\inpenc@prehook=\toks20
\inpenc@posthook=\toks21
)
\@indexfile=\write3
\openout3 = `Rd2.idx'.


Writing index file Rd2.idx

("C:\Users\rdebelak\AppData\Local\Programs\MiKTeX 2.9\tex/latex/l3backend\l3bac
kend-pdfmode.def"
File: l3backend-pdfmode.def 2020-06-23 L3 backend support: PDF mode
\l__kernel_color_stack_int=\count193
\l__pdf_internal_box=\box49
) (Rd2.aux)
\openout1 = `Rd2.aux'.

LaTeX Font Info:    Checking defaults for OML/cmm/m/it on input line 8.
LaTeX Font Info:    ... okay on input line 8.
LaTeX Font Info:    Checking defaults for OMS/cmsy/m/n on input line 8.
LaTeX Font Info:    ... okay on input line 8.
LaTeX Font Info:    Checking defaults for OT1/cmr/m/n on input line 8.
LaTeX Font Info:    ... okay on input line 8.
LaTeX Font Info:    Checking defaults for T1/cmr/m/n on input line 8.
LaTeX Font Info:    ... okay on input line 8.
LaTeX Font Info:    Checking defaults for TS1/cmr/m/n on input line 8.
LaTeX Font Info:    ... okay on input line 8.
LaTeX Font Info:    Checking defaults for OMX/cmex/m/n on input line 8.
LaTeX Font Info:    ... okay on input line 8.
LaTeX Font Info:    Checking defaults for U/cmr/m/n on input line 8.
LaTeX Font Info:    ... okay on input line 8.
LaTeX Font Info:    Checking defaults for PD1/pdf/m/n on input line 8.
LaTeX Font Info:    ... okay on input line 8.
LaTeX Font Info:    Trying to load font information for T1+ptm on input line 8.


("C:\Users\rdebelak\AppData\Local\Programs\MiKTeX 2.9\tex/latex/psnfss\t1ptm.fd
"
File: t1ptm.fd 2001/06/04 font definitions for T1/ptm.
)
("C:\Users\rdebelak\AppData\Local\Programs\MiKTeX 2.9\tex/context/base/mkii\sup
p-pdf.mkii"
[Loading MPS to PDF converter (version 2006.09.02).]
\scratchcounter=\count194
\scratchdimen=\dimen140
\scratchbox=\box50
\nofMPsegments=\count195
\nofMParguments=\count196
\everyMPshowfont=\toks22
\MPscratchCnt=\count197
\MPscratchDim=\dimen141
\MPnumerator=\count198
\makeMPintoPDFobject=\count199
\everyMPtoPDFconversion=\toks23
)
\AtBeginShipoutBox=\box51
Package hyperref Info: Link coloring ON on input line 8.

("C:\Users\rdebelak\AppData\Local\Programs\MiKTeX 2.9\tex/latex/hyperref\namere
f.sty"
Package: nameref 2019/09/16 v2.46 Cross-referencing by name of section

("C:\Users\rdebelak\AppData\Local\Programs\MiKTeX 2.9\tex/latex/refcount\refcou
nt.sty"
Package: refcount 2019/12/15 v3.6 Data extraction from label references (HO)
)
("C:\Users\rdebelak\AppData\Local\Programs\MiKTeX 2.9\tex/generic/gettitlestrin
g\gettitlestring.sty"
Package: gettitlestring 2019/12/15 v1.6 Cleanup title references (HO)
)
\c@section@level=\count266
)
LaTeX Info: Redefining \ref on input line 8.
LaTeX Info: Redefining \pageref on input line 8.
LaTeX Info: Redefining \nameref on input line 8.
 (Rd2.out) (Rd2.out)
\@outlinefile=\write4
\openout4 = `Rd2.out'.

LaTeX Font Info:    Trying to load font information for T1+zi4 on input line 24
.

("C:\Users\rdebelak\AppData\Local\Programs\MiKTeX 2.9\tex/latex/inconsolata\t1z
i4.fd"
File: t1zi4.fd 2018/01/14 T1/zi4 (Inconsolata)
)
LaTeX Font Info:    Font shape `T1/zi4/m/n' will be
(Font)              scaled to size 10.0pt on input line 24.
LaTeX Font Info:    Trying to load font information for T1+phv on input line 41
.

("C:\Users\rdebelak\AppData\Local\Programs\MiKTeX 2.9\tex/latex/psnfss\t1phv.fd
"
File: t1phv.fd 2020/03/25 scalable font definitions for T1/phv.
) (Rd2.toc
LaTeX Font Info:    External font `cmex10' loaded for size
(Font)              <7> on input line 1.
LaTeX Font Info:    External font `cmex10' loaded for size
(Font)              <5> on input line 1.
)
\tf@toc=\write5
\openout5 = `Rd2.toc'.

 [1


{C:/Users/rdebelak/AppData/Local/MiKTeX/2.9/pdftex/config/pdftex.map}] [2]
LaTeX Font Info:    Font shape `T1/zi4/m/n' will be
(Font)              scaled to size 9.0pt on input line 158.
 [3] [4]
LaTeX Font Info:    Trying to load font information for TS1+zi4 on input line 2
57.

("C:\Users\rdebelak\AppData\Local\Programs\MiKTeX 2.9\tex/latex/inconsolata\ts1
zi4.fd"
File: ts1zi4.fd 2018/01/14 TS1/zi4 (Inconsolata)
)
LaTeX Font Info:    Font shape `TS1/zi4/m/n' will be
(Font)              scaled to size 10.0pt on input line 257.
 [5]
LaTeX Font Info:    Trying to load font information for TS1+ptm on input line 3
20.

("C:\Users\rdebelak\AppData\Local\Programs\MiKTeX 2.9\tex/latex/psnfss\ts1ptm.f
d"
File: ts1ptm.fd 2001/06/04 font definitions for TS1/ptm.
) [6] [7]
Overfull \hbox (0.68712pt too wide) in paragraph at lines 446--447
[]\T1/ptm/m/n/10 The es-ti-ma-tion er-ror of the weighted abil-ity dif-fer-ence
 be-tween the fo-cal and ref-er-ence groups. 
 []

[8] [9] [10]
Overfull \hbox (0.14598pt too wide) in paragraph at lines 613--618
[]\T1/ptm/m/n/10 A ma-trix of item pa-ram-e-ters. The columns con-tain the dis-
crim-i-na-tion, dif-fi-culty, pseudo-guessing
 []

(Rd2.ind [11] [12


])
Package atveryend Info: Empty hook `BeforeClearDocument' on input line 630.
Package atveryend Info: Empty hook `AfterLastShipout' on input line 630.
 (Rd2.aux)
Package atveryend Info: Executing hook `AtVeryEndDocument' on input line 630.
Package atveryend Info: Executing hook `AtEndAfterFileList' on input line 630.
Package rerunfilecheck Info: File `Rd2.out' has not changed.
(rerunfilecheck)             Checksum: B0E55565425A54CC1586F76344268EBB;503.
Package atveryend Info: Empty hook `AtVeryVeryEnd' on input line 630.
 ) 
Here is how much of TeX's memory you used:
 6109 strings out of 480790
 94793 string characters out of 2893983
 353663 words of memory out of 3000000
 21903 multiletter control sequences out of 15000+200000
 567190 words of font info for 59 fonts, out of 3000000 for 9000
 1141 hyphenation exceptions out of 8191
 47i,5n,40p,364b,602s stack positions out of 5000i,500n,10000p,200000b,50000s
{C:/Users/rdebelak/AppData/Local/Programs/MiKTeX 2.9/fonts/enc/dvips/inconsol
ata/i4-ts1.enc}{C:/Users/rdebelak/AppData/Local/Programs/MiKTeX 2.9/fonts/enc/d
vips/base/8r.enc}{C:/Users/rdebelak/AppData/Local/Programs/MiKTeX 2.9/fonts/enc
/dvips/inconsolata/i4-t1-0.enc}<C:/Users/rdebelak/AppData/Local/Programs/MiKTeX
 2.9/fonts/type1/public/inconsolata/Inconsolata-zi4r.pfb><C:/Users/rdebelak/App
Data/Local/Programs/MiKTeX 2.9/fonts/type1/public/amsfonts/cm/cmsy10.pfb><C:/Us
ers/rdebelak/AppData/Local/Programs/MiKTeX 2.9/fonts/type1/urw/helvetic/uhvr8a.
pfb><C:/Users/rdebelak/AppData/Local/Programs/MiKTeX 2.9/fonts/type1/urw/times/
utmb8a.pfb><C:/Users/rdebelak/AppData/Local/Programs/MiKTeX 2.9/fonts/type1/urw
/times/utmr8a.pfb><C:/Users/rdebelak/AppData/Local/Programs/MiKTeX 2.9/fonts/ty
pe1/urw/times/utmr8a.pfb><C:/Users/rdebelak/AppData/Local/Programs/MiKTeX 2.9/f
onts/type1/urw/times/utmri8a.pfb>
Output written on Rd2.pdf (12 pages, 128434 bytes).
PDF statistics:
 222 PDF objects out of 1000 (max. 8388607)
 76 named destinations out of 1000 (max. 500000)
 73 words of extra memory for PDF output out of 10000 (max. 10000000)

